<?xml version="1.0" encoding="UTF-8"?>
<testsuite name="com.gitinsight.core.service.GitHistoryServiceTest" tests="1" skipped="0" failures="1" errors="0" timestamp="2026-06-24T19:08:36.452Z" hostname="DESKTOP-NR6OIBF" time="0.36">
  <properties/>
  <testcase name="shouldExtractCommitsFromCurrentRepo()" classname="com.gitinsight.core.service.GitHistoryServiceTest" time="0.346">
    <failure message="java.io.IOException: Erreur JGit" type="java.io.IOException">java.io.IOException: Erreur JGit
	at com.gitinsight.core.service.GitHistoryService.getHistory(GitHistoryService.java:42)
	at com.gitinsight.core.service.GitHistoryServiceTest.shouldExtractCommitsFromCurrentRepo(GitHistoryServiceTest.java:21)
	at java.base/java.lang.reflect.Method.invoke(Method.java:580)
	at java.base/java.util.ArrayList.forEach(ArrayList.java:1596)
	at java.base/java.util.ArrayList.forEach(ArrayList.java:1596)
Caused by: org.eclipse.jgit.api.errors.NoHeadException: No HEAD exists and no explicit starting revision was specified
	at org.eclipse.jgit.api.LogCommand.call(LogCommand.java:129)
	at com.gitinsight.core.service.GitHistoryService.getHistory(GitHistoryService.java:26)
	... 4 more
</failure>
  </testcase>
  <system-out><![CDATA[]]></system-out>
  <system-err><![CDATA[SLF4J: Failed to load class "org.slf4j.impl.StaticLoggerBinder".
SLF4J: Defaulting to no-operation (NOP) logger implementation
SLF4J: See http://www.slf4j.org/codes.html#StaticLoggerBinder for further details.
]]></system-err>
</testsuite>
